0 info it worked if it ends with ok
1 verbose cli [ '/usr/local/bin/node',
1 verbose cli   '/usr/local/bin/npm',
1 verbose cli   'install',
1 verbose cli   '/home/kimura/github/update',
1 verbose cli   '--save' ]
2 info using npm@4.0.5
3 info using node@v7.4.0
4 silly loadCurrentTree Starting
5 silly install loadCurrentTree
6 silly install readLocalPackageData
7 silly fetchPackageMetaData /home/kimura/github/update
8 silly fetchOtherPackageData /home/kimura/github/update
9 silly cache add args [ '/home/kimura/github/update', null ]
10 verbose cache add spec /home/kimura/github/update
11 silly cache add parsed spec Result {
11 silly cache add   raw: '/home/kimura/github/update',
11 silly cache add   scope: null,
11 silly cache add   escapedName: null,
11 silly cache add   name: null,
11 silly cache add   rawSpec: '/home/kimura/github/update',
11 silly cache add   spec: '/home/kimura/github/update',
11 silly cache add   type: 'local' }
12 error addLocal Could not install /home/kimura/github/update
13 silly fetchPackageMetaData Error: ENOENT: no such file or directory, open '/home/kimura/github/update'
13 silly fetchPackageMetaData  error for /home/kimura/github/update { Error: ENOENT: no such file or directory, open '/home/kimura/github/update'
13 silly fetchPackageMetaData   errno: -2,
13 silly fetchPackageMetaData   code: 'ENOENT',
13 silly fetchPackageMetaData   syscall: 'open',
13 silly fetchPackageMetaData   path: '/home/kimura/github/update' }
14 silly rollbackFailedOptional Starting
15 silly rollbackFailedOptional Finishing
16 silly runTopLevelLifecycles Finishing
17 silly install printInstalled
18 verbose stack Error: ENOENT: no such file or directory, open '/home/kimura/github/update'
19 verbose cwd /mnt/hdd/github/ke-cms
20 error Linux 4.4.0-96-generic
21 error argv "/usr/local/bin/node" "/usr/local/bin/npm" "install" "/home/kimura/github/update" "--save"
22 error node v7.4.0
23 error npm  v4.0.5
24 error path /home/kimura/github/update
25 error code ENOENT
26 error errno -2
27 error syscall open
28 error enoent ENOENT: no such file or directory, open '/home/kimura/github/update'
29 error enoent ENOENT: no such file or directory, open '/home/kimura/github/update'
29 error enoent This is most likely not a problem with npm itself
29 error enoent and is related to npm not being able to find a file.
30 verbose exit [ -2, true ]
